<?xml version="1.0" encoding="UTF-8"?>
<testng-results ignored="0" total="1" passed="1" failed="0" skipped="0">
  <reporter-output>
  </reporter-output>
  <suite started-at="2024-05-09T10:15:45 IST" name="Surefire suite" finished-at="2024-05-09T10:15:45 IST" duration-ms="79">
    <groups>
    </groups>
    <test started-at="2024-05-09T10:15:45 IST" name="Surefire test" finished-at="2024-05-09T10:15:45 IST" duration-ms="79">
      <class name="testng.AppTest">
        <test-method signature="shouldAnswerWithTrue()" started-at="2024-05-09T10:15:45 IST" name="shouldAnswerWithTrue" finished-at="2024-05-09T10:15:45 IST" duration-ms="7" status="PASS">
          <reporter-output>
          </reporter-output>
        </test-method> <!-- shouldAnswerWithTrue -->
      </class> <!-- testng.AppTest -->
    </test> <!-- Surefire test -->
  </suite> <!-- Surefire suite -->
</testng-results>
