<?xml version="1.0" encoding="UTF-8"?>
<!-- Generated by org.testng.reporters.JUnitXMLReporter -->
<testsuite ignored="0" hostname="code" failures="0" tests="4" name="Surefire test" time="3.512" errors="0" timestamp="2024-05-08T17:04:49 IST">
  <testcase classname="SimpleTest" name="testAddition" time="3.411"/>
  <testcase classname="SimpleTest" name="testDivision" time="0.0"/>
  <testcase classname="SimpleTest" name="testMultiplication" time="0.001"/>
  <testcase classname="SimpleTest" name="testSubtraction" time="0.0"/>
</testsuite> <!-- Surefire test -->
