<?xml version="1.0" encoding="UTF-8"?>
<!-- Generated by org.testng.reporters.JUnitXMLReporter -->
<testsuite ignored="0" hostname="code" failures="0" tests="4" name="Surefire test" time="3.694" errors="0" timestamp="2024-05-09T10:15:45 IST">
  <testcase classname="ChainTest" name="Test01" time="3.578"/>
  <testcase classname="SimpleTest" name="testAddition" time="0.003"/>
  <testcase classname="SimpleTest" name="testDivision" time="0.001"/>
  <testcase classname="SimpleTest" name="testMultiplication" time="0.001"/>
</testsuite> <!-- Surefire test -->
