<?xml version="1.0" encoding="UTF-8"?>
<testng-results ignored="0" total="4" passed="4" failed="0" skipped="0">
  <reporter-output>
  </reporter-output>
  <suite started-at="2024-05-08T17:04:46 IST" name="Surefire suite" finished-at="2024-05-08T17:04:49 IST" duration-ms="3512">
    <groups>
    </groups>
    <test started-at="2024-05-08T17:04:46 IST" name="Surefire test" finished-at="2024-05-08T17:04:49 IST" duration-ms="3512">
      <class name="SimpleTest">
        <test-method signature="testAddition()[pri:0, instance:SimpleTest@4a11eb84]" started-at="2024-05-08T17:04:46 IST" name="testAddition" finished-at="2024-05-08T17:04:49 IST" duration-ms="3411" status="PASS">
          <reporter-output>
          </reporter-output>
        </test-method> <!-- testAddition -->
        <test-method signature="testDivision()[pri:0, instance:SimpleTest@4a11eb84]" started-at="2024-05-08T17:04:49 IST" name="testDivision" finished-at="2024-05-08T17:04:49 IST" duration-ms="0" status="PASS">
          <reporter-output>
          </reporter-output>
        </test-method> <!-- testDivision -->
        <test-method signature="testMultiplication()[pri:0, instance:SimpleTest@4a11eb84]" started-at="2024-05-08T17:04:49 IST" name="testMultiplication" finished-at="2024-05-08T17:04:49 IST" duration-ms="1" status="PASS">
          <reporter-output>
          </reporter-output>
        </test-method> <!-- testMultiplication -->
        <test-method signature="testSubtraction()[pri:0, instance:SimpleTest@4a11eb84]" started-at="2024-05-08T17:04:49 IST" name="testSubtraction" finished-at="2024-05-08T17:04:49 IST" duration-ms="0" status="PASS">
          <reporter-output>
          </reporter-output>
        </test-method> <!-- testSubtraction -->
      </class> <!-- SimpleTest -->
    </test> <!-- Surefire test -->
  </suite> <!-- Surefire suite -->
</testng-results>
